2021-03-10 11:19:34,965:INFO:PyCaret Supervised Module
2021-03-10 11:19:34,966:INFO:ML Usecase: classification
2021-03-10 11:19:34,966:INFO:version 2.2.3
2021-03-10 11:19:34,966:INFO:Initializing setup()
2021-03-10 11:19:34,967:INFO:setup(target=left, ml_usecase=classification, available_plots={'parameter': 'Hyperparameters', 'auc': 'AUC', 'confusion_matrix': 'Confusion Matrix', 'threshold': 'Threshold', 'pr': 'Precision Recall', 'error': 'Prediction Error', 'class_report': 'Class Report', 'rfe': 'Feature Selection', 'learning': 'Learning Curve', 'manifold': 'Manifold Learning', 'calibration': 'Calibration Curve', 'vc': 'Validation Curve', 'dimension': 'Dimensions', 'feature': 'Feature Importance', 'feature_all': 'Feature Importance (All)', 'boundary': 'Decision Boundary', 'lift': 'Lift Chart', 'gain': 'Gain Chart', 'tree': 'Decision Tree'}, train_size=0.7, test_data=      satisfaction_level  last_evaluation  number_project  \
0                   0.82             0.95               6   
1                   0.18             0.86               5   
2                   0.63             0.98               4   
3                   0.43             0.51               2   
4                   0.51             0.98               4   
...                  ...              ...             ...   
2394                0.61             0.95               5   
2395                0.94             0.59               3   
2396                0.96             0.68               3   
2397                0.75             0.90               4   
2398                0.31             0.42               2   

      average_montly_hours  time_spend_company  Work_accident  \
0                      191                   6              0   
1                      267                   4              0   
2                      160                   2              0   
3                      149                   3              1   
4                      245                   3              0   
...                    ...                 ...            ...   
2394                   233                   3              0   
2395                   137                   2              0   
2396                   132                   2              0   
2397                   197                   2              0   
2398                   169                   5              0   

      promotion_last_5years  department  salary  left  
0                         0  accounting  medium     0  
1                         0  accounting  medium     0  
2                         0       sales  medium     0  
3                         0  accounting  medium     1  
4                         0     support  medium     0  
...                     ...         ...     ...   ...  
2394                      0   technical  medium     0  
2395                      0       sales  medium     0  
2396                      0       sales  medium     0  
2397                      0       sales  medium     0  
2398                      0          IT     low     0  

[2399 rows x 10 columns], preprocess=True, imputation_type=simple, iterative_imputation_iters=5, categorical_features=None, categorical_imputation=mode, categorical_iterative_imputer=lightgbm, ordinal_features=None, high_cardinality_features=None, high_cardinality_method=frequency, numeric_features=None, numeric_imputation=mean, numeric_iterative_imputer=lightgbm, date_features=None, ignore_features=None, normalize=True, normalize_method=zscore, transformation=True, transformation_method=yeo-johnson, handle_unknown_categorical=True, unknown_categorical_method=least_frequent, pca=False, pca_method=linear, pca_components=None, ignore_low_variance=True, combine_rare_levels=False, rare_level_threshold=0.1, bin_numeric_features=None, remove_outliers=True, outliers_threshold=0.05, remove_multicollinearity=True, multicollinearity_threshold=0.9, remove_perfect_collinearity=True, create_clusters=False, cluster_iter=20, polynomial_features=False, polynomial_degree=2, trigonometry_features=False, polynomial_threshold=0.1, group_features=None, group_names=None, feature_selection=False, feature_selection_threshold=0.8, feature_selection_method=classic, feature_interaction=False, feature_ratio=False, interaction_threshold=0.01, fix_imbalance=False, fix_imbalance_method=None, transform_target=False, transform_target_method=box-cox, data_split_shuffle=True, data_split_stratify=True, fold_strategy=stratifiedkfold, fold=10, fold_shuffle=False, fold_groups=None, n_jobs=-1, use_gpu=True, custom_pipeline=None, html=True, session_id=123, log_experiment=False, experiment_name=employee_experiment_1, log_plots=False, log_profile=False, log_data=False, silent=False, verbose=True, profile=False, profile_kwargs=None, display=None)
2021-03-10 11:19:34,968:INFO:Checking environment
2021-03-10 11:19:34,969:INFO:python_version: 3.7.9
2021-03-10 11:19:34,970:INFO:python_build: ('tags/v3.7.9:13c94747c7', 'Aug 17 2020 18:58:18')
2021-03-10 11:19:34,970:INFO:machine: AMD64
2021-03-10 11:19:34,971:INFO:platform: Windows-10-10.0.19041-SP0
2021-03-10 11:19:34,971:INFO:Memory: svmem(total=8423395328, available=1185538048, percent=85.9, used=7237857280, free=1185538048)
2021-03-10 11:19:34,971:INFO:Physical Core: 4
2021-03-10 11:19:34,971:INFO:Logical Core: 8
2021-03-10 11:19:34,971:INFO:Checking libraries
2021-03-10 11:19:34,971:INFO:pd==1.1.5
2021-03-10 11:19:34,971:INFO:numpy==1.19.5
2021-03-10 11:19:34,971:INFO:sklearn==0.23.2
2021-03-10 11:19:35,337:INFO:xgboost==1.3.2
2021-03-10 11:19:35,337:INFO:lightgbm==3.1.1
2021-03-10 11:19:35,717:INFO:catboost==0.24.4
2021-03-10 11:19:37,283:INFO:mlflow==1.13.1
2021-03-10 11:19:37,283:INFO:Checking Exceptions
2021-03-10 11:19:37,283:INFO:Declaring global variables
2021-03-10 11:19:37,284:INFO:USI: 77b4
2021-03-10 11:19:37,284:INFO:pycaret_globals: {'transform_target_param', 'transform_target_method_param', 'fix_imbalance_method_param', 'X_train', 'fix_imbalance_param', 'y_test', 'seed', 'master_model_container', '_all_models_internal', 'experiment__', '_available_plots', '_all_metrics', 'log_plots_param', 'fold_generator', 'imputation_regressor', 'y_train', 'stratify_param', '_gpu_n_jobs_param', 'data_before_preprocess', '_all_models', '_internal_pipeline', 'fold_shuffle_param', 'html_param', 'X', 'pycaret_globals', '_ml_usecase', 'fold_param', 'display_container', 'target_param', 'imputation_classifier', 'create_model_container', 'gpu_param', 'iterative_imputation_iters_param', 'y', 'logging_param', 'X_test', 'fold_groups_param', 'n_jobs_param', 'prep_pipe', 'USI', 'exp_name_log'}
2021-03-10 11:19:37,284:INFO:Preparing display monitor
2021-03-10 11:19:37,284:INFO:Preparing display monitor
2021-03-10 11:19:37,301:INFO:Importing libraries
2021-03-10 11:19:37,302:INFO:Copying data for preprocessing
2021-03-10 11:19:37,312:INFO:Declaring preprocessing parameters
2021-03-10 11:19:37,313:WARNING:cuML not found
2021-03-10 11:19:37,313:WARNING:cuML is outdated or not found. Required version is >=0.15, got 0.24.4
2021-03-10 11:19:37,315:INFO:Creating preprocessing pipeline
2021-03-10 11:19:37,328:INFO:Preprocessing pipeline created successfully
2021-03-10 11:19:37,328:ERROR:(Process Exit): setup has been interupted with user command 'quit'. setup must rerun.
2021-03-10 11:19:37,328:INFO:Creating global containers
2021-03-10 11:19:37,330:INFO:Internal pipeline: Pipeline(memory=None, steps=[('empty_step', 'passthrough')], verbose=False)
